<?xml version="1.0" encoding="UTF-8"?>
<!-- Generated by org.testng.reporters.JUnitReportReporter -->
<testsuite hostname="DESKTOP-RQVJSP2" failures="0" tests="1" name="Basic.AjioTest" time="22.046" errors="0" timestamp="2024-01-18T09:55:59 IST" skipped="0">
  <testcase classname="Basic.AjioTest" name="Perfume" time="22.046"/>
  <system-out/>
</testsuite> <!-- Basic.AjioTest -->
