<?xml version="1.0" encoding="UTF-8"?>
<!-- Generated by org.testng.reporters.JUnitReportReporter -->
<testsuite hostname="DESKTOP-RQVJSP2" failures="0" tests="1" name="Basic.MyntraTest" time="5.381" errors="0" timestamp="2024-01-18T12:18:45 IST" skipped="0">
  <testcase classname="Basic.MyntraTest" name="LaunchTest" time="5.381"/>
  <system-out/>
</testsuite> <!-- Basic.MyntraTest -->
