<?xml version="1.0" encoding="UTF-8"?>
<!-- Generated by org.testng.reporters.JUnitReportReporter -->
<testsuite hostname="DESKTOP-RQVJSP2" failures="0" tests="1" name="Basic.Myntra" time="13.065" errors="0" timestamp="2024-01-17T09:41:12 IST" skipped="0">
  <testcase classname="Basic.Myntra" name="LaunchTest" time="13.065"/>
  <system-out/>
</testsuite> <!-- Basic.Myntra -->
